<?xml version="1.0" encoding="UTF-8"?>
<testsuite name="com.example.demo.DemoApplicationTests" tests="1" skipped="0" failures="0" errors="0" timestamp="2023-09-18T02:39:21" hostname="tsutsumichiharus-MacBook-Pro.local" time="0.405">
  <properties/>
  <testcase name="contextLoads()" classname="com.example.demo.DemoApplicationTests" time="0.405"/>
  <system-out><![CDATA[19:39:20.375 [Test worker] INFO org.springframework.test.context.support.AnnotationConfigContextLoaderUtils -- Could not detect default configuration classes for test class [com.example.demo.DemoApplicationTests]: DemoApplicationTests does not declare any static, non-private, non-final, nested classes annotated with @Configuration.
19:39:20.426 [Test worker] INFO org.springframework.boot.test.context.SpringBootTestContextBootstrapper -- Found @SpringBootConfiguration com.example.demo.DemoApplication for test class com.example.demo.DemoApplicationTests

  .   ____          _            __ _ _
 /\\ / ___'_ __ _ _(_)_ __  __ _ \ \ \ \
( ( )\___ | '_ | '_| | '_ \/ _` | \ \ \ \
 \\/  ___)| |_)| | | | | || (_| |  ) ) ) )
  '  |____| .__|_| |_|_| |_\__, | / / / /
 =========|_|==============|___/=/_/_/_/
 :: Spring Boot ::                (v3.1.3)

2023-09-17T19:39:20.596-07:00  INFO 39120 --- [    Test worker] com.example.demo.DemoApplicationTests    : Starting DemoApplicationTests using Java 20.0.2 with PID 39120 (started by tsutsumitomoharu in /Users/tsutsumitomoharu/Desktop/projects/mountain-searcher)
2023-09-17T19:39:20.597-07:00  INFO 39120 --- [    Test worker] com.example.demo.DemoApplicationTests    : No active profile set, falling back to 1 default profile: "default"
2023-09-17T19:39:21.001-07:00  INFO 39120 --- [    Test worker] com.example.demo.DemoApplicationTests    : Started DemoApplicationTests in 0.511 seconds (process running for 0.999)
]]></system-out>
  <system-err><![CDATA[]]></system-err>
</testsuite>
